  telnet.cpp
d:\ol\beta\src\common\telnet.h(24): fatal error C1083: 无法打开包括文件: “event2/bufferevent.h”: No such file or directory
  shape.cpp
d:\ol\beta\src\common\shape.h(5): fatal error C1083: 无法打开包括文件: “math3d/types.h”: No such file or directory
  message.cpp
d:\ol\beta\src\common\message.h(9): fatal error C1083: 无法打开包括文件: “google/protobuf/message.h”: No such file or directory
  md5lib.cpp
d:\ol\beta\src\common\md5lib.cpp(13): fatal error C1083: 无法打开包括文件: “lua.h”: No such file or directory
  md5.cpp
d:\ol\beta\src\common\md5.h(12): fatal error C1083: 无法打开包括文件: “lua.h”: No such file or directory
  lfs.cpp
d:\ol\beta\src\common\lfs.cpp(67): fatal error C1083: 无法打开包括文件: “lua.h”: No such file or directory
  compat-5.2.cpp
d:\ol\beta\src\common\compat-5.2.cpp(3): fatal error C1083: 无法打开包括文件: “lua.h”: No such file or directory
  Scene.cpp
d:\ol\beta\src\common\message.h(9): fatal error C1083: 无法打开包括文件: “google/protobuf/message.h”: No such file or directory
  NetModule.cpp
d:\ol\beta\src\common\inet.h(34): fatal error C1083: 无法打开包括文件: “event2/bufferevent.h”: No such file or directory
  Net.cpp
d:\ol\beta\src\common\inet.h(34): fatal error C1083: 无法打开包括文件: “event2/bufferevent.h”: No such file or directory
  LuaModule.cpp
d:\ol\beta\src\common\iluamodule.h(15): fatal error C1083: 无法打开包括文件: “lua.h”: No such file or directory
  GameManagerClientModule.cpp
d:\ol\beta\src\common\inet.h(34): fatal error C1083: 无法打开包括文件: “event2/bufferevent.h”: No such file or directory
  AOIScene.cpp
d:\ol\beta\src\common\message.h(9): fatal error C1083: 无法打开包括文件: “google/protobuf/message.h”: No such file or directory
  AOIProxyManager.cpp
d:\ol\beta\src\common\message.h(9): fatal error C1083: 无法打开包括文件: “google/protobuf/message.h”: No such file or directory
  AOIProxy.cpp
d:\ol\beta\src\common\message.h(9): fatal error C1083: 无法打开包括文件: “google/protobuf/message.h”: No such file or directory
  AOIModule.cpp
d:\ol\beta\src\common\message.h(9): fatal error C1083: 无法打开包括文件: “google/protobuf/message.h”: No such file or directory
  正在生成代码...
